[debug] [2022-06-02T09:43:21.236Z] ----------------------------------------------------------------------
[debug] [2022-06-02T09:43:21.237Z] Command:       C:\Program Files\nodejs\node.exe C:\Users\sate\AppData\Roaming\npm\node_modules\firebase-tools\lib\bin\firebase.js init
[debug] [2022-06-02T09:43:21.237Z] CLI Version:   11.0.1
[debug] [2022-06-02T09:43:21.237Z] Platform:      win32
[debug] [2022-06-02T09:43:21.237Z] Node Version:  v16.14.2
[debug] [2022-06-02T09:43:21.238Z] Time:          Thu Jun 02 2022 17:43:21 GMT+0800 (Singapore Standard Time)
[debug] [2022-06-02T09:43:21.238Z] ----------------------------------------------------------------------
[debug] 
[debug] [2022-06-02T09:43:21.242Z] > command requires scopes: ["email","openid","https://www.googleapis.com/auth/cloudplatformprojects.readonly","https://www.googleapis.com/auth/firebase","https://www.googleapis.com/auth/cloud-platform"]
[debug] [2022-06-02T09:43:21.242Z] > authorizing via signed-in user (sam.teong.hl@gmail.com)
[info] 
     ######## #### ########  ######## ########     ###     ######  ########
     ##        ##  ##     ## ##       ##     ##  ##   ##  ##       ##
     ######    ##  ########  ######   ########  #########  ######  ######
     ##        ##  ##    ##  ##       ##     ## ##     ##       ## ##
     ##       #### ##     ## ######## ########  ##     ##  ######  ########

You're about to initialize a Firebase project in this directory:

  C:\Users\sate\repo\AngularApp_FitnessTracker

[info] 
=== Project Setup
[info] 
[info] First, let's associate this project directory with a Firebase project.
[info] You can create multiple project aliases by running firebase use --add, 
[info] but for now we'll just set up a default project.
[info] 
[debug] [2022-06-02T09:44:15.050Z] >>> [apiv2][query] GET https://firebase.googleapis.com/v1beta1/projects pageSize=100
[debug] [2022-06-02T09:44:15.614Z] <<< [apiv2][status] GET https://firebase.googleapis.com/v1beta1/projects 200
[debug] [2022-06-02T09:44:15.614Z] <<< [apiv2][body] GET https://firebase.googleapis.com/v1beta1/projects [omitted]
[info] i  Using project ng-fitness-tracker-9b4b9 (ng-fitness-tracker) 
[info] 
=== Hosting Setup
[info] 
[info] Your public directory is the folder (relative to your project directory) that
[info] will contain Hosting assets to be uploaded with firebase deploy. If you
[info] have a build process for your assets, use your build's output directory.
[info] 
[debug] [2022-06-02T09:45:07.605Z] >>> [apiv2][query] GET https://www.gstatic.com/firebasejs/releases.json [none]
[debug] [2022-06-02T09:45:07.656Z] <<< [apiv2][status] GET https://www.gstatic.com/firebasejs/releases.json 200
[debug] [2022-06-02T09:45:07.656Z] <<< [apiv2][body] GET https://www.gstatic.com/firebasejs/releases.json {"current":{"version":"9.8.2","browserURL":"https://www.gstatic.com/firebasejs/9.8.2/firebase.js","packageURL":"https://www.gstatic.com/firebasejs/9.8.2/firebase.tgz"},"live":{"version":"9.8","browserURL":"https://www.gstatic.com/firebasejs/live/9.8/firebase.js","packageURL":"https://www.gstatic.com/firebasejs/live/9.8/firebase.tgz"},"components":{"analytics":"https://www.gstatic.com/firebasejs/9.8.2/firebase-analytics.js","app":"https://www.gstatic.com/firebasejs/9.8.2/firebase-app.js","app-check":"https://www.gstatic.com/firebasejs/9.8.2/firebase-app-check.js","auth":"https://www.gstatic.com/firebasejs/9.8.2/firebase-auth.js","auth/cordova":"https://www.gstatic.com/firebasejs/9.8.2/firebase-auth/cordova.js","auth/react-native":"https://www.gstatic.com/firebasejs/9.8.2/firebase-auth/react-native.js","functions":"https://www.gstatic.com/firebasejs/9.8.2/firebase-functions.js","firestore":"https://www.gstatic.com/firebasejs/9.8.2/firebase-firestore.js","firestore/lite":"https://www.gstatic.com/firebasejs/9.8.2/firebase-firestore/lite.js","storage":"https://www.gstatic.com/firebasejs/9.8.2/firebase-storage.js","performance":"https://www.gstatic.com/firebasejs/9.8.2/firebase-performance.js","remote-config":"https://www.gstatic.com/firebasejs/9.8.2/firebase-remote-config.js","messaging":"https://www.gstatic.com/firebasejs/9.8.2/firebase-messaging.js","messaging/sw":"https://www.gstatic.com/firebasejs/9.8.2/firebase-messaging/sw.js","database":"https://www.gstatic.com/firebasejs/9.8.2/firebase-database.js","firestore.memory":"https://www.gstatic.com/firebasejs/9.8.2/firebase-firestore.memory.js"}}
[info] +  Wrote dist/index.html 
[info] 
[info] i  Detected a .git folder at C:\Users\sate\repo\AngularApp_FitnessTracker 
[info] i  Authorizing with GitHub to upload your service account to a GitHub repository's secrets store. 
[info] 
[info] Visit this URL on this device to log in:
[info] https://github.com/login/oauth/authorize?client_id=89cf50f02ac6aaed3484&state=9427722&redirect_uri=http%3A%2F%2Flocalhost%3A9005&scope=read%3Auser%20repo%20public_repo
[info] 
[info] Waiting for authentication...
[debug] [2022-06-02T09:46:26.312Z] >>> HTTP REQUEST POST https://github.com/login/oauth/access_token  
 {"client_id":"89cf50f02ac6aaed3484","client_secret":"3330d14abc895d9a74d5f17cd7a00711fa2c5bf0","code":"18261faee124feaa770b","redirect_uri":"http://localhost:9005","state":"9427722"}
[debug] [2022-06-02T09:46:26.775Z] <<< HTTP RESPONSE 200 {"server":"GitHub.com","date":"Thu, 02 Jun 2022 09:46:25 GMT","content-type":"application/json; charset=utf-8","transfer-encoding":"chunked","vary":"X-PJAX, X-PJAX-Container, Turbo-Visit, Turbo-Frame, Accept-Encoding, Accept, X-Requested-With","permissions-policy":"interest-cohort=()","etag":"W/\"7a41f9bb089c7452d8da4ef80992236e\"","cache-control":"max-age=0, private, must-revalidate","strict-transport-security":"max-age=31536000; includeSubdomains; preload","x-frame-options":"deny","x-content-type-options":"nosniff","x-xss-protection":"0","referrer-policy":"origin-when-cross-origin, strict-origin-when-cross-origin","expect-ct":"max-age=2592000, report-uri=\"https://api.github.com/_private/browser/errors\"","content-security-policy":"default-src 'none'; base-uri 'self'; block-all-mixed-content; child-src github.com/assets-cdn/worker/ gist.github.com/assets-cdn/worker/; connect-src 'self' uploads.github.com objects-origin.githubusercontent.com www.githubstatus.com collector.github.com raw.githubusercontent.com api.github.com github-cloud.s3.amazonaws.com github-production-repository-file-5c1aeb.s3.amazonaws.com github-production-upload-manifest-file-7fdce7.s3.amazonaws.com github-production-user-asset-6210df.s3.amazonaws.com cdn.optimizely.com logx.optimizely.com/v1/events *.actions.githubusercontent.com wss://*.actions.githubusercontent.com online.visualstudio.com/api/v1/locations github-production-repository-image-32fea6.s3.amazonaws.com github-production-release-asset-2e65be.s3.amazonaws.com insights.github.com wss://alive.github.com; font-src github.githubassets.com; form-action 'self' github.com gist.github.com objects-origin.githubusercontent.com; frame-ancestors 'none'; frame-src render.githubusercontent.com viewscreen.githubusercontent.com notebooks.githubusercontent.com; img-src 'self' data: github.githubassets.com identicons.github.com github-cloud.s3.amazonaws.com secured-user-images.githubusercontent.com/ github-production-user-asset-6210df.s3.amazonaws.com *.githubusercontent.com; manifest-src 'self'; media-src github.com user-images.githubusercontent.com/; script-src github.githubassets.com; style-src 'unsafe-inline' github.githubassets.com; worker-src github.com/assets-cdn/worker/ gist.github.com/assets-cdn/worker/","x-github-request-id":"D60D:65E3:165708:1B94B1:629886F1"}
[debug] [2022-06-02T09:46:26.781Z] >>> [apiv2][query] GET https://api.github.com/user [none]
[debug] [2022-06-02T09:46:27.187Z] <<< [apiv2][status] GET https://api.github.com/user 200
[debug] [2022-06-02T09:46:27.188Z] <<< [apiv2][body] GET https://api.github.com/user {"login":"SamTeong","id":36075146,"node_id":"MDQ6VXNlcjM2MDc1MTQ2","avatar_url":"https://avatars.githubusercontent.com/u/36075146?v=4","gravatar_id":"","url":"https://api.github.com/users/SamTeong","html_url":"https://github.com/SamTeong","followers_url":"https://api.github.com/users/SamTeong/followers","following_url":"https://api.github.com/users/SamTeong/following{/other_user}","gists_url":"https://api.github.com/users/SamTeong/gists{/gist_id}","starred_url":"https://api.github.com/users/SamTeong/starred{/owner}{/repo}","subscriptions_url":"https://api.github.com/users/SamTeong/subscriptions","organizations_url":"https://api.github.com/users/SamTeong/orgs","repos_url":"https://api.github.com/users/SamTeong/repos","events_url":"https://api.github.com/users/SamTeong/events{/privacy}","received_events_url":"https://api.github.com/users/SamTeong/received_events","type":"User","site_admin":false,"name":"Sam Teong","company":"Zulke Engineering","blog":"","location":"Singapore","email":null,"hireable":null,"bio":"A beginner in developing web applications with .NET technologies.","twitter_username":null,"public_repos":5,"public_gists":0,"followers":6,"following":2,"created_at":"2018-02-02T12:51:12Z","updated_at":"2022-06-02T09:46:13Z","private_gists":0,"total_private_repos":3,"owned_private_repos":3,"disk_usage":203281,"collaborators":2,"two_factor_authentication":true,"plan":{"name":"free","space":976562499,"collaborators":0,"private_repos":10000}}
[info] 
[info] +  Success! Logged into GitHub as SamTeong 
[info] 
[debug] [2022-06-02T09:47:40.362Z] >>> [apiv2][query] GET https://api.github.com/repos/SamTeong/NgFitnessTracker/actions/secrets/public-key type=owner
[debug] [2022-06-02T09:47:40.680Z] <<< [apiv2][status] GET https://api.github.com/repos/SamTeong/NgFitnessTracker/actions/secrets/public-key 404
[debug] [2022-06-02T09:47:40.681Z] <<< [apiv2][body] GET https://api.github.com/repos/SamTeong/NgFitnessTracker/actions/secrets/public-key {"message":"Not Found","documentation_url":"https://docs.github.com/rest/reference/actions#get-a-repository-public-key"}
[debug] [2022-06-02T09:47:54.479Z] >>> [apiv2][query] GET https://api.github.com/repos/SamTeong/NgFitnessTracker/actions/secrets/public-key type=owner
[debug] [2022-06-02T09:47:54.785Z] <<< [apiv2][status] GET https://api.github.com/repos/SamTeong/NgFitnessTracker/actions/secrets/public-key 404
[debug] [2022-06-02T09:47:54.785Z] <<< [apiv2][body] GET https://api.github.com/repos/SamTeong/NgFitnessTracker/actions/secrets/public-key {"message":"Not Found","documentation_url":"https://docs.github.com/rest/reference/actions#get-a-repository-public-key"}
[debug] [2022-06-02T09:48:00.817Z] >>> [apiv2][query] GET https://api.github.com/repos/SamTeong/NgFitnessTracker/actions/secrets/public-key type=owner
[debug] [2022-06-02T09:48:01.018Z] >>> [apiv2][query] GET https://api.github.com/repos//actions/secrets/public-key type=owner
[debug] [2022-06-02T09:48:01.123Z] <<< [apiv2][status] GET https://api.github.com/repos/SamTeong/NgFitnessTracker/actions/secrets/public-key 404
[debug] [2022-06-02T09:48:01.124Z] <<< [apiv2][body] GET https://api.github.com/repos/SamTeong/NgFitnessTracker/actions/secrets/public-key {"message":"Not Found","documentation_url":"https://docs.github.com/rest/reference/actions#get-a-repository-public-key"}
[debug] [2022-06-02T09:48:01.212Z] >>> [apiv2][query] GET https://api.github.com/repos/SamTeong/NgFitnessTracker/actions/secrets/public-key type=owner
[debug] [2022-06-02T09:48:01.310Z] <<< [apiv2][status] GET https://api.github.com/repos//actions/secrets/public-key 404
[debug] [2022-06-02T09:48:01.310Z] <<< [apiv2][body] GET https://api.github.com/repos//actions/secrets/public-key {"message":"Not Found","documentation_url":"https://docs.github.com/rest"}
[debug] [2022-06-02T09:48:01.396Z] >>> [apiv2][query] GET https://api.github.com/repos//actions/secrets/public-key type=owner
[debug] [2022-06-02T09:48:01.507Z] <<< [apiv2][status] GET https://api.github.com/repos/SamTeong/NgFitnessTracker/actions/secrets/public-key 404
[debug] [2022-06-02T09:48:01.507Z] <<< [apiv2][body] GET https://api.github.com/repos/SamTeong/NgFitnessTracker/actions/secrets/public-key {"message":"Not Found","documentation_url":"https://docs.github.com/rest/reference/actions#get-a-repository-public-key"}
[debug] [2022-06-02T09:48:01.591Z] >>> [apiv2][query] GET https://api.github.com/repos/SamTeong/NgFitnessTracker/actions/secrets/public-key type=owner
[debug] [2022-06-02T09:48:01.693Z] <<< [apiv2][status] GET https://api.github.com/repos//actions/secrets/public-key 404
[debug] [2022-06-02T09:48:01.693Z] <<< [apiv2][body] GET https://api.github.com/repos//actions/secrets/public-key {"message":"Not Found","documentation_url":"https://docs.github.com/rest"}
[debug] [2022-06-02T09:48:01.909Z] <<< [apiv2][status] GET https://api.github.com/repos/SamTeong/NgFitnessTracker/actions/secrets/public-key 404
[debug] [2022-06-02T09:48:01.909Z] <<< [apiv2][body] GET https://api.github.com/repos/SamTeong/NgFitnessTracker/actions/secrets/public-key {"message":"Not Found","documentation_url":"https://docs.github.com/rest/reference/actions#get-a-repository-public-key"}
[debug] [2022-06-02T09:48:03.126Z] >>> [apiv2][query] GET https://api.github.com/repos/SamTeong/NgFitnessTracker/actions/secrets/public-key type=owner
[debug] [2022-06-02T09:48:03.436Z] <<< [apiv2][status] GET https://api.github.com/repos/SamTeong/NgFitnessTracker/actions/secrets/public-key 404
[debug] [2022-06-02T09:48:03.436Z] <<< [apiv2][body] GET https://api.github.com/repos/SamTeong/NgFitnessTracker/actions/secrets/public-key {"message":"Not Found","documentation_url":"https://docs.github.com/rest/reference/actions#get-a-repository-public-key"}
